<?xml version="1.0" encoding="UTF-8"?>
<testsuite name="main.CalculatorTest" time="0.02" tests="33" errors="0" skipped="0" failures="0">
  <properties>
    <property name="java.runtime.name" value="Java(TM) SE Runtime Environment"/>
    <property name="sun.boot.library.path" value="C:\Program Files (x86)\Java\jdk1.8.0_181\jre\bin"/>
    <property name="java.vm.version" value="25.181-b13"/>
    <property name="java.vm.vendor" value="Oracle Corporation"/>
    <property name="maven.multiModuleProjectDirectory" value="D:\Nackademin\Javagrejer\calculator-rubenl"/>
    <property name="java.vendor.url" value="http://java.oracle.com/"/>
    <property name="path.separator" value=";"/>
    <property name="guice.disable.misplaced.annotation.check" value="true"/>
    <property name="java.vm.name" value="Java HotSpot(TM) Client VM"/>
    <property name="file.encoding.pkg" value="sun.io"/>
    <property name="user.script" value=""/>
    <property name="user.country" value="SE"/>
    <property name="sun.java.launcher" value="SUN_STANDARD"/>
    <property name="sun.os.patch.level" value=""/>
    <property name="java.vm.specification.name" value="Java Virtual Machine Specification"/>
    <property name="user.dir" value="D:\Nackademin\Javagrejer\calculator-rubenl"/>
    <property name="java.runtime.version" value="1.8.0_181-b13"/>
    <property name="java.awt.graphicsenv" value="sun.awt.Win32GraphicsEnvironment"/>
    <property name="java.endorsed.dirs" value="C:\Program Files (x86)\Java\jdk1.8.0_181\jre\lib\endorsed"/>
    <property name="os.arch" value="x86"/>
    <property name="java.io.tmpdir" value="C:\Users\Ruben\AppData\Local\Temp\"/>
    <property name="line.separator" value="&#10;"/>
    <property name="java.vm.specification.vendor" value="Oracle Corporation"/>
    <property name="user.variant" value=""/>
    <property name="os.name" value="Windows 10"/>
    <property name="classworlds.conf" value="D:\Nackademin\Javagrejer\.metadata\.plugins\org.eclipse.m2e.launching\launches\m2conf9739168333384408795.tmp"/>
    <property name="sun.jnu.encoding" value="Cp1252"/>
    <property name="java.library.path" value="C:\Program Files (x86)\Java\jdk1.8.0_181\bin;C:\WINDOWS\Sun\Java\bin;C:\WINDOWS\system32;C:\WINDOWS;C:\Program Files (x86)\Common Files\Oracle\Java\javapath;C:\Windows\system32;C:\Windows;C:\Windows\System32\Wbem;C:\Windows\System32\WindowsPowerShell\v1.0\;C:\Program Files (x86)\QuickTime\QTSystem\;C:\WINDOWS\system32;C:\WINDOWS;C:\WINDOWS\System32\Wbem;C:\WINDOWS\System32\WindowsPowerShell\v1.0\;C:\Program Files (x86)\Skype\Phone\;C:\WINDOWS\system32;C:\WINDOWS;C:\WINDOWS\System32\Wbem;C:\WINDOWS\System32\WindowsPowerShell\v1.0\;C:\WINDOWS\System32\OpenSSH\;C:\Program Files (x86)\NVIDIA Corporation\PhysX\Common;d:\Program\Git\cmd;C:\Users\Ruben\AppData\Local\Microsoft\WindowsApps;;."/>
    <property name="java.specification.name" value="Java Platform API Specification"/>
    <property name="java.class.version" value="52.0"/>
    <property name="sun.management.compiler" value="HotSpot Client Compiler"/>
    <property name="os.version" value="10.0"/>
    <property name="user.home" value="C:\Users\Ruben"/>
    <property name="user.timezone" value="Europe/Berlin"/>
    <property name="java.awt.printerjob" value="sun.awt.windows.WPrinterJob"/>
    <property name="java.specification.version" value="1.8"/>
    <property name="file.encoding" value="Cp1252"/>
    <property name="user.name" value="Ruben"/>
    <property name="java.class.path" value="D:\java\eclipse\plugins\org.eclipse.m2e.maven.runtime_1.9.1.20180912-1600\jars\plexus-classworlds-2.5.2.jar"/>
    <property name="java.vm.specification.version" value="1.8"/>
    <property name="sun.arch.data.model" value="32"/>
    <property name="java.home" value="C:\Program Files (x86)\Java\jdk1.8.0_181\jre"/>
    <property name="sun.java.command" value="org.codehaus.plexus.classworlds.launcher.Launcher -B install"/>
    <property name="java.specification.vendor" value="Oracle Corporation"/>
    <property name="user.language" value="sv"/>
    <property name="awt.toolkit" value="sun.awt.windows.WToolkit"/>
    <property name="java.vm.info" value="mixed mode"/>
    <property name="java.version" value="1.8.0_181"/>
    <property name="java.ext.dirs" value="C:\Program Files (x86)\Java\jdk1.8.0_181\jre\lib\ext;C:\WINDOWS\Sun\Java\lib\ext"/>
    <property name="sun.boot.class.path" value="C:\Program Files (x86)\Java\jdk1.8.0_181\jre\lib\resources.jar;C:\Program Files (x86)\Java\jdk1.8.0_181\jre\lib\rt.jar;C:\Program Files (x86)\Java\jdk1.8.0_181\jre\lib\sunrsasign.jar;C:\Program Files (x86)\Java\jdk1.8.0_181\jre\lib\jsse.jar;C:\Program Files (x86)\Java\jdk1.8.0_181\jre\lib\jce.jar;C:\Program Files (x86)\Java\jdk1.8.0_181\jre\lib\charsets.jar;C:\Program Files (x86)\Java\jdk1.8.0_181\jre\lib\jfr.jar;C:\Program Files (x86)\Java\jdk1.8.0_181\jre\classes"/>
    <property name="java.vendor" value="Oracle Corporation"/>
    <property name="maven.home" value="D:\Nackademin\Javagrejer\calculator-rubenl\EMBEDDED"/>
    <property name="file.separator" value="\"/>
    <property name="java.vendor.url.bug" value="http://bugreport.sun.com/bugreport/"/>
    <property name="sun.cpu.endian" value="little"/>
    <property name="sun.io.unicode.encoding" value="UnicodeLittle"/>
    <property name="sun.desktop" value="windows"/>
    <property name="sun.cpu.isalist" value="pentium_pro+mmx pentium_pro pentium+mmx pentium i486 i386 i86"/>
  </properties>
  <testcase name="testDivideNegative on testDivideNegative(main.CalculatorTest)" classname="main.CalculatorTest" time="0.002"/>
  <testcase name="testTanhPositive on testTanhPositive(main.CalculatorTest)" classname="main.CalculatorTest" time="0.001"/>
  <testcase name="testTanZero on testTanZero(main.CalculatorTest)" classname="main.CalculatorTest" time="0.001"/>
  <testcase name="testTanhNegative on testTanhNegative(main.CalculatorTest)" classname="main.CalculatorTest" time="0"/>
  <testcase name="testSqrtPositive on testSqrtPositive(main.CalculatorTest)" classname="main.CalculatorTest" time="0"/>
  <testcase name="testSqrtNegative on testSqrtNegative(main.CalculatorTest)" classname="main.CalculatorTest" time="0.001"/>
  <testcase name="testAddZero on testAddZero(main.CalculatorTest)" classname="main.CalculatorTest" time="0"/>
  <testcase name="testTanPositive on testTanPositive(main.CalculatorTest)" classname="main.CalculatorTest" time="0.001"/>
  <testcase name="testAddPositive on testAddPositive(main.CalculatorTest)" classname="main.CalculatorTest" time="0"/>
  <testcase name="testTanNegative on testTanNegative(main.CalculatorTest)" classname="main.CalculatorTest" time="0.001"/>
  <testcase name="testSinPositive on testSinPositive(main.CalculatorTest)" classname="main.CalculatorTest" time="0.004"/>
  <testcase name="testAddNegative on testAddNegative(main.CalculatorTest)" classname="main.CalculatorTest" time="0"/>
  <testcase name="testMultiplyPositive on testMultiplyPositive(main.CalculatorTest)" classname="main.CalculatorTest" time="0"/>
  <testcase name="testSinNegative on testSinNegative(main.CalculatorTest)" classname="main.CalculatorTest" time="0"/>
  <testcase name="testMultiplyNegative on testMultiplyNegative(main.CalculatorTest)" classname="main.CalculatorTest" time="0"/>
  <testcase name="testCoshPositive on testCoshPositive(main.CalculatorTest)" classname="main.CalculatorTest" time="0.001"/>
  <testcase name="testSqrtZero on testSqrtZero(main.CalculatorTest)" classname="main.CalculatorTest" time="0"/>
  <testcase name="testCoshNegative on testCoshNegative(main.CalculatorTest)" classname="main.CalculatorTest" time="0"/>
  <testcase name="testTanhZero on testTanhZero(main.CalculatorTest)" classname="main.CalculatorTest" time="0.001"/>
  <testcase name="testCoshZero on testCoshZero(main.CalculatorTest)" classname="main.CalculatorTest" time="0.001"/>
  <testcase name="testCosZero on testCosZero(main.CalculatorTest)" classname="main.CalculatorTest" time="0"/>
  <testcase name="testCosPositive on testCosPositive(main.CalculatorTest)" classname="main.CalculatorTest" time="0.001"/>
  <testcase name="testSinhPositive on testSinhPositive(main.CalculatorTest)" classname="main.CalculatorTest" time="0.001"/>
  <testcase name="testCosNegative on testCosNegative(main.CalculatorTest)" classname="main.CalculatorTest" time="0"/>
  <testcase name="testSinhNegative on testSinhNegative(main.CalculatorTest)" classname="main.CalculatorTest" time="0"/>
  <testcase name="testSinhZero on testSinhZero(main.CalculatorTest)" classname="main.CalculatorTest" time="0.001"/>
  <testcase name="testMultiplyZero on testMultiplyZero(main.CalculatorTest)" classname="main.CalculatorTest" time="0.001"/>
  <testcase name="testDivideZero on testDivideZero(main.CalculatorTest)" classname="main.CalculatorTest" time="0.001"/>
  <testcase name="testSubtractPositive on testSubtractPositive(main.CalculatorTest)" classname="main.CalculatorTest" time="0.001"/>
  <testcase name="testSinZero on testSinZero(main.CalculatorTest)" classname="main.CalculatorTest" time="0"/>
  <testcase name="testSubtractNegative on testSubtractNegative(main.CalculatorTest)" classname="main.CalculatorTest" time="0"/>
  <testcase name="testSubtractZero on testSubtractZero(main.CalculatorTest)" classname="main.CalculatorTest" time="0"/>
  <testcase name="testDividePositive on testDividePositive(main.CalculatorTest)" classname="main.CalculatorTest" time="0"/>
</testsuite>