<?xml version="1.0" encoding="UTF-8"?>
<!-- Generated by org.testng.reporters.JUnitReportReporter -->
<testsuite hostname="rub" name="main.CalculatorTest" tests="33" failures="0" timestamp="14 Dec 2018 14:33:13 GMT" time="0.023" errors="0">
  <testcase name="testCosZero" time="0.000" classname="main.CalculatorTest"/>
  <testcase name="testDividePositive" time="0.001" classname="main.CalculatorTest"/>
  <testcase name="testTanhZero" time="0.001" classname="main.CalculatorTest"/>
  <testcase name="testMultiplyPositive" time="0.001" classname="main.CalculatorTest"/>
  <testcase name="testSinNegative" time="0.000" classname="main.CalculatorTest"/>
  <testcase name="testCoshZero" time="0.000" classname="main.CalculatorTest"/>
  <testcase name="testSqrtPositive" time="0.001" classname="main.CalculatorTest"/>
  <testcase name="testCoshPositive" time="0.001" classname="main.CalculatorTest"/>
  <testcase name="testSubtractPositive" time="0.000" classname="main.CalculatorTest"/>
  <testcase name="testTanNegative" time="0.000" classname="main.CalculatorTest"/>
  <testcase name="testAddZero" time="0.000" classname="main.CalculatorTest"/>
  <testcase name="testSubtractZero" time="0.004" classname="main.CalculatorTest"/>
  <testcase name="testCoshNegative" time="0.001" classname="main.CalculatorTest"/>
  <testcase name="testTanhNegative" time="0.001" classname="main.CalculatorTest"/>
  <testcase name="testSqrtNegative" time="0.000" classname="main.CalculatorTest"/>
  <testcase name="testSinhPositive" time="0.001" classname="main.CalculatorTest"/>
  <testcase name="testCosPositive" time="0.001" classname="main.CalculatorTest"/>
  <testcase name="testDivideZero" time="0.000" classname="main.CalculatorTest"/>
  <testcase name="testMultiplyNegative" time="0.000" classname="main.CalculatorTest"/>
  <testcase name="testSinhZero" time="0.000" classname="main.CalculatorTest"/>
  <testcase name="testTanPositive" time="0.000" classname="main.CalculatorTest"/>
  <testcase name="testTanZero" time="0.000" classname="main.CalculatorTest"/>
  <testcase name="testSinhNegative" time="0.000" classname="main.CalculatorTest"/>
  <testcase name="testDivideNegative" time="0.005" classname="main.CalculatorTest"/>
  <testcase name="testAddNegative" time="0.003" classname="main.CalculatorTest"/>
  <testcase name="testSqrtZero" time="0.000" classname="main.CalculatorTest"/>
  <testcase name="testSinPositive" time="0.001" classname="main.CalculatorTest"/>
  <testcase name="testSubtractNegative" time="0.000" classname="main.CalculatorTest"/>
  <testcase name="testCosNegative" time="0.000" classname="main.CalculatorTest"/>
  <testcase name="testMultiplyZero" time="0.001" classname="main.CalculatorTest"/>
  <testcase name="testTanhPositive" time="0.000" classname="main.CalculatorTest"/>
  <testcase name="testSinZero" time="0.000" classname="main.CalculatorTest"/>
  <testcase name="testAddPositive" time="0.000" classname="main.CalculatorTest"/>
</testsuite> <!-- main.CalculatorTest -->
