<?xml version="1.0" encoding="UTF-8"?>
<!-- Generated by org.testng.reporters.JUnitReportReporter -->
<testsuite hostname="rub" name="main.CalculatorTest" tests="5" failures="0" timestamp="13 Dec 2018 15:54:22 GMT" time="0.010" errors="0">
  <testcase name="testAdd" time="0.009" classname="main.CalculatorTest"/>
  <testcase name="testDivide" time="0.000" classname="main.CalculatorTest"/>
  <testcase name="testSubtract" time="0.001" classname="main.CalculatorTest"/>
  <testcase name="testMultiply" time="0.000" classname="main.CalculatorTest"/>
  <testcase name="testSqrt" time="0.000" classname="main.CalculatorTest"/>
</testsuite> <!-- main.CalculatorTest -->
