<?xml version="1.0" encoding="UTF-8"?>
<!-- Generated by org.testng.reporters.JUnitReportReporter -->
<testsuite hostname="rub" name="test.java.CalculatorTest" tests="5" failures="0" timestamp="13 Dec 2018 01:52:45 GMT" time="0.010" errors="0">
  <testcase name="testSubtract" time="0.001" classname="test.java.CalculatorTest"/>
  <testcase name="testMultiply" time="0.000" classname="test.java.CalculatorTest"/>
  <testcase name="testDivide" time="0.004" classname="test.java.CalculatorTest"/>
  <testcase name="testAdd" time="0.005" classname="test.java.CalculatorTest"/>
  <testcase name="testSqrt" time="0.000" classname="test.java.CalculatorTest"/>
</testsuite> <!-- test.java.CalculatorTest -->
